#
# There is insufficient memory for the Java Runtime Environment to continue.
# Native memory allocation (malloc) failed to allocate 696176 bytes for Chunk::new
# Possible reasons:
#   The system is out of physical RAM or swap space
#   The process is running with CompressedOops enabled, and the Java Heap may be blocking the growth of the native heap
# Possible solutions:
#   Reduce memory load on the system
#   Increase physical memory or swap space
#   Check if swap backing store is full
#   Decrease Java heap size (-Xmx/-Xms)
#   Decrease number of Java threads
#   Decrease Java thread stack sizes (-Xss)
#   Set larger code cache with -XX:ReservedCodeCacheSize=
#   JVM is running with Unscaled Compressed Oops mode in which the Java heap is
#     placed in the first 4GB address space. The Java Heap base address is the
#     maximum limit for the native heap growth. Please use -XX:HeapBaseMinAddress
#     to set the Java Heap base and to place the Java Heap above 4GB virtual address.
# This output file may be truncated or incomplete.
#
#  Out of Memory Error (allocation.cpp:389), pid=18396, tid=0x0000000000002ebc
#
# JRE version: Java(TM) SE Runtime Environment (8.0_251-b08) (build 1.8.0_251-b08)
# Java VM: Java HotSpot(TM) 64-Bit Server VM (25.251-b08 mixed mode windows-amd64 compressed oops)
# Failed to write core dump. Minidumps are not enabled by default on client versions of Windows
#

---------------  T H R E A D  ---------------

Current thread (0x0000000019e48000):  JavaThread "C2 CompilerThread1" daemon [_thread_in_native, id=11964, stack(0x000000001a830000,0x000000001a930000)]

Stack: [0x000000001a830000,0x000000001a930000]
[error occurred during error reporting (printing stack bounds), id 0xc0000005]

Native frames: (J=compiled Java code, j=interpreted, Vv=VM code, C=native code)


Current CompileTask:
C2:   9278 2500       4       java.lang.invoke.MethodType::makeImpl (66 bytes)


---------------  P R O C E S S  ---------------

Java Threads: ( => current thread )
  0x000000001a02e800 JavaThread "surefire-forkedjvm-ping-30s" daemon [_thread_in_native, id=17488, stack(0x000000001ae30000,0x000000001af30000)]
  0x0000000019fa6800 JavaThread "surefire-forkedjvm-command-thread" daemon [_thread_in_native, id=11960, stack(0x000000001ad30000,0x000000001ae30000)]
  0x0000000019ebb000 JavaThread "Service Thread" daemon [_thread_blocked, id=16908, stack(0x000000001ab30000,0x000000001ac30000)]
  0x0000000019e96800 JavaThread "C1 CompilerThread3" daemon [_thread_blocked, id=12008, stack(0x000000001aa30000,0x000000001ab30000)]
  0x0000000019e48800 JavaThread "C2 CompilerThread2" daemon [_thread_in_native, id=26248, stack(0x000000001a930000,0x000000001aa30000)]
=>0x0000000019e48000 JavaThread "C2 CompilerThread1" daemon [_thread_in_native, id=11964, stack(0x000000001a830000,0x000000001a930000)]
  0x0000000019e46000 JavaThread "C2 CompilerThread0" daemon [_thread_in_native, id=18400, stack(0x000000001a730000,0x000000001a830000)]
  0x0000000019e44000 JavaThread "Attach Listener" daemon [_thread_blocked, id=23032, stack(0x000000001a630000,0x000000001a730000)]
  0x0000000019e43800 JavaThread "Signal Dispatcher" daemon [_thread_blocked, id=24004, stack(0x000000001a530000,0x000000001a630000)]
  0x0000000019e31000 JavaThread "Finalizer" daemon [_thread_blocked, id=24500, stack(0x000000001a310000,0x000000001a410000)]
  0x0000000019e30800 JavaThread "Reference Handler" daemon [_thread_blocked, id=2780, stack(0x000000001a210000,0x000000001a310000)]
  0x0000000003052800 JavaThread "main" [_thread_in_Java, id=25064, stack(0x0000000002f50000,0x0000000003050000)]

Other Threads:
  0x0000000018039800 VMThread [stack: 0x0000000019d10000,0x0000000019e10000] [id=9620]
  0x0000000019ec3000 WatcherThread [stack: 0x000000001ac30000,0x000000001ad30000] [id=24220]

VM state:not at safepoint (normal execution)

VM Mutex/Monitor currently owned by a thread: None

heap address: 0x0000000082e00000, size: 2002 MB, Compressed Oops mode: 32-bit
Narrow klass base: 0x0000000000000000, Narrow klass shift: 3
Compressed class space size: 1073741824 Address: 0x0000000100000000

Heap:
 PSYoungGen      total 131072K, used 94862K [0x00000000d6500000, 0x00000000ded80000, 0x0000000100000000)
  eden space 124416K, 73% used [0x00000000d6500000,0x00000000dbe05988,0x00000000dde80000)
  from space 6656K, 55% used [0x00000000de700000,0x00000000dea9e1e8,0x00000000ded80000)
  to   space 7680K, 0% used [0x00000000dde80000,0x00000000dde80000,0x00000000de600000)
 ParOldGen       total 43008K, used 5701K [0x0000000082e00000, 0x0000000085800000, 0x00000000d6500000)
  object space 43008K, 13% used [0x0000000082e00000,0x0000000083391600,0x0000000085800000)
 Metaspace       used 28986K, capacity 30772K, committed 30976K, reserved 1075200K
  class space    used 3882K, capacity 4251K, committed 4352K, reserved 1048576K

Card table byte_map: [0x0000000012510000,0x0000000012900000] byte_map_base: 0x00000000120f9000

Marking Bits: (ParMarkBitMap*) 0x0000000075e0af90
 Begin Bits: [0x00000000133a0000, 0x00000000152e8000)
 End Bits:   [0x00000000152e8000, 0x0000000017230000)

Polling page: 0x00000000014f0000

CodeCache: size=245760Kb used=7865Kb max_used=7865Kb free=237894Kb
 bounds [0x0000000003150000, 0x0000000003910000, 0x0000000012150000]
 total_blobs=2762 nmethods=2368 adapters=306
 compilation: enabled

Compilation events (10 events):
Event: 9.271 Thread 0x0000000019e96800 nmethod 2576 0x0000000003901d90 code [0x0000000003901f20, 0x0000000003902128]
Event: 9.273 Thread 0x0000000019e96800 2578       3       java.util.Collections::addAll (43 bytes)
Event: 9.274 Thread 0x0000000019e96800 nmethod 2578 0x0000000003902210 code [0x0000000003902380, 0x0000000003902688]
Event: 9.275 Thread 0x0000000019e96800 2579       3       java.util.TreeMap::containsKey (14 bytes)
Event: 9.275 Thread 0x0000000019e96800 nmethod 2579 0x00000000039027d0 code [0x0000000003902940, 0x0000000003902ba8]
Event: 9.275 Thread 0x0000000019e96800 2580       3       org.springframework.boot.autoconfigure.condition.ConditionEvaluationReport$ConditionAndOutcomes::add (20 bytes)
Event: 9.275 Thread 0x0000000019e96800 nmethod 2580 0x0000000003902c50 code [0x0000000003902dc0, 0x0000000003903128]
Event: 9.275 Thread 0x0000000019e96800 2581       3       org.springframework.boot.autoconfigure.condition.ConditionEvaluationReport$ConditionAndOutcome::hashCode (22 bytes)
Event: 9.276 Thread 0x0000000019e96800 nmethod 2581 0x0000000003903290 code [0x0000000003903420, 0x0000000003903878]
Event: 9.276 Thread 0x0000000019e96800 2583       3       org.springframework.util.LinkedMultiValueMap::<init> (12 bytes)

GC Heap History (10 events):
Event: 7.827 GC heap before
{Heap before GC invocations=5 (full 0):
 PSYoungGen      total 37888K, used 37884K [0x00000000d6500000, 0x00000000daf00000, 0x0000000100000000)
  eden space 32768K, 100% used [0x00000000d6500000,0x00000000d8500000,0x00000000d8500000)
  from space 5120K, 99% used [0x00000000daa00000,0x00000000daeff1a0,0x00000000daf00000)
  to   space 5120K, 0% used [0x00000000d8500000,0x00000000d8500000,0x00000000d8a00000)
 ParOldGen       total 86016K, used 1497K [0x0000000082e00000, 0x0000000088200000, 0x00000000d6500000)
  object space 86016K, 1% used [0x0000000082e00000,0x0000000082f765e0,0x0000000088200000)
 Metaspace       used 19621K, capacity 21084K, committed 21296K, reserved 1067008K
  class space    used 2578K, capacity 2878K, committed 2944K, reserved 1048576K
Event: 7.834 GC heap after
Heap after GC invocations=5 (full 0):
 PSYoungGen      total 37888K, used 5109K [0x00000000d6500000, 0x00000000db400000, 0x0000000100000000)
  eden space 32768K, 0% used [0x00000000d6500000,0x00000000d6500000,0x00000000d8500000)
  from space 5120K, 99% used [0x00000000d8500000,0x00000000d89fd4b8,0x00000000d8a00000)
  to   space 7680K, 0% used [0x00000000dac80000,0x00000000dac80000,0x00000000db400000)
 ParOldGen       total 86016K, used 3441K [0x0000000082e00000, 0x0000000088200000, 0x00000000d6500000)
  object space 86016K, 4% used [0x0000000082e00000,0x000000008315c648,0x0000000088200000)
 Metaspace       used 19621K, capacity 21084K, committed 21296K, reserved 1067008K
  class space    used 2578K, capacity 2878K, committed 2944K, reserved 1048576K
}
Event: 7.851 GC heap before
{Heap before GC invocations=6 (full 0):
 PSYoungGen      total 37888K, used 7582K [0x00000000d6500000, 0x00000000db400000, 0x0000000100000000)
  eden space 32768K, 7% used [0x00000000d6500000,0x00000000d676a400,0x00000000d8500000)
  from space 5120K, 99% used [0x00000000d8500000,0x00000000d89fd4b8,0x00000000d8a00000)
  to   space 7680K, 0% used [0x00000000dac80000,0x00000000dac80000,0x00000000db400000)
 ParOldGen       total 86016K, used 3441K [0x0000000082e00000, 0x0000000088200000, 0x00000000d6500000)
  object space 86016K, 4% used [0x0000000082e00000,0x000000008315c648,0x0000000088200000)
 Metaspace       used 19740K, capacity 21208K, committed 21296K, reserved 1067008K
  class space    used 2606K, capacity 2918K, committed 2944K, reserved 1048576K
Event: 7.857 GC heap after
Heap after GC invocations=6 (full 0):
 PSYoungGen      total 73216K, used 5335K [0x00000000d6500000, 0x00000000db400000, 0x0000000100000000)
  eden space 65536K, 0% used [0x00000000d6500000,0x00000000d6500000,0x00000000da500000)
  from space 7680K, 69% used [0x00000000dac80000,0x00000000db1b5ec8,0x00000000db400000)
  to   space 7680K, 0% used [0x00000000da500000,0x00000000da500000,0x00000000dac80000)
 ParOldGen       total 86016K, used 3449K [0x0000000082e00000, 0x0000000088200000, 0x00000000d6500000)
  object space 86016K, 4% used [0x0000000082e00000,0x000000008315e648,0x0000000088200000)
 Metaspace       used 19740K, capacity 21208K, committed 21296K, reserved 1067008K
  class space    used 2606K, capacity 2918K, committed 2944K, reserved 1048576K
}
Event: 7.857 GC heap before
{Heap before GC invocations=7 (full 1):
 PSYoungGen      total 73216K, used 5335K [0x00000000d6500000, 0x00000000db400000, 0x0000000100000000)
  eden space 65536K, 0% used [0x00000000d6500000,0x00000000d6500000,0x00000000da500000)
  from space 7680K, 69% used [0x00000000dac80000,0x00000000db1b5ec8,0x00000000db400000)
  to   space 7680K, 0% used [0x00000000da500000,0x00000000da500000,0x00000000dac80000)
 ParOldGen       total 86016K, used 3449K [0x0000000082e00000, 0x0000000088200000, 0x00000000d6500000)
  object space 86016K, 4% used [0x0000000082e00000,0x000000008315e648,0x0000000088200000)
 Metaspace       used 19740K, capacity 21208K, committed 21296K, reserved 1067008K
  class space    used 2606K, capacity 2918K, committed 2944K, reserved 1048576K
Event: 7.900 GC heap after
Heap after GC invocations=7 (full 1):
 PSYoungGen      total 73216K, used 0K [0x00000000d6500000, 0x00000000db400000, 0x0000000100000000)
  eden space 65536K, 0% used [0x00000000d6500000,0x00000000d6500000,0x00000000da500000)
  from space 7680K, 0% used [0x00000000dac80000,0x00000000dac80000,0x00000000db400000)
  to   space 7680K, 0% used [0x00000000da500000,0x00000000da500000,0x00000000dac80000)
 ParOldGen       total 43008K, used 5685K [0x0000000082e00000, 0x0000000085800000, 0x00000000d6500000)
  object space 43008K, 13% used [0x0000000082e00000,0x000000008338d588,0x0000000085800000)
 Metaspace       used 19740K, capacity 21208K, committed 21296K, reserved 1067008K
  class space    used 2606K, capacity 2918K, committed 2944K, reserved 1048576K
}
Event: 8.278 GC heap before
{Heap before GC invocations=8 (full 1):
 PSYoungGen      total 73216K, used 65536K [0x00000000d6500000, 0x00000000db400000, 0x0000000100000000)
  eden space 65536K, 100% used [0x00000000d6500000,0x00000000da500000,0x00000000da500000)
  from space 7680K, 0% used [0x00000000dac80000,0x00000000dac80000,0x00000000db400000)
  to   space 7680K, 0% used [0x00000000da500000,0x00000000da500000,0x00000000dac80000)
 ParOldGen       total 43008K, used 5685K [0x0000000082e00000, 0x0000000085800000, 0x00000000d6500000)
  object space 43008K, 13% used [0x0000000082e00000,0x000000008338d588,0x0000000085800000)
 Metaspace       used 22380K, capacity 23940K, committed 24192K, reserved 1071104K
  class space    used 3082K, capacity 3409K, committed 3456K, reserved 1048576K
Event: 8.283 GC heap after
Heap after GC invocations=8 (full 1):
 PSYoungGen      total 73216K, used 3671K [0x00000000d6500000, 0x00000000dee80000, 0x0000000100000000)
  eden space 65536K, 0% used [0x00000000d6500000,0x00000000d6500000,0x00000000da500000)
  from space 7680K, 47% used [0x00000000da500000,0x00000000da895cb8,0x00000000dac80000)
  to   space 7680K, 0% used [0x00000000de700000,0x00000000de700000,0x00000000dee80000)
 ParOldGen       total 43008K, used 5693K [0x0000000082e00000, 0x0000000085800000, 0x00000000d6500000)
  object space 43008K, 13% used [0x0000000082e00000,0x000000008338f588,0x0000000085800000)
 Metaspace       used 22380K, capacity 23940K, committed 24192K, reserved 1071104K
  class space    used 3082K, capacity 3409K, committed 3456K, reserved 1048576K
}
Event: 8.462 GC heap before
{Heap before GC invocations=9 (full 1):
 PSYoungGen      total 73216K, used 69207K [0x00000000d6500000, 0x00000000dee80000, 0x0000000100000000)
  eden space 65536K, 100% used [0x00000000d6500000,0x00000000da500000,0x00000000da500000)
  from space 7680K, 47% used [0x00000000da500000,0x00000000da895cb8,0x00000000dac80000)
  to   space 7680K, 0% used [0x00000000de700000,0x00000000de700000,0x00000000dee80000)
 ParOldGen       total 43008K, used 5701K [0x0000000082e00000, 0x0000000085800000, 0x00000000d6500000)
  object space 43008K, 13% used [0x0000000082e00000,0x0000000083391600,0x0000000085800000)
 Metaspace       used 23865K, capacity 25440K, committed 25600K, reserved 1071104K
  class space    used 3258K, capacity 3581K, committed 3584K, reserved 1048576K
Event: 8.466 GC heap after
Heap after GC invocations=9 (full 1):
 PSYoungGen      total 131072K, used 3704K [0x00000000d6500000, 0x00000000ded80000, 0x0000000100000000)
  eden space 124416K, 0% used [0x00000000d6500000,0x00000000d6500000,0x00000000dde80000)
  from space 6656K, 55% used [0x00000000de700000,0x00000000dea9e1e8,0x00000000ded80000)
  to   space 7680K, 0% used [0x00000000dde80000,0x00000000dde80000,0x00000000de600000)
 ParOldGen       total 43008K, used 5701K [0x0000000082e00000, 0x0000000085800000, 0x00000000d6500000)
  object space 43008K, 13% used [0x0000000082e00000,0x0000000083391600,0x0000000085800000)
 Metaspace       used 23865K, capacity 25440K, committed 25600K, reserved 1071104K
  class space    used 3258K, capacity 3581K, committed 3584K, reserved 1048576K
}

Deoptimization events (10 events):
Event: 7.783 Thread 0x0000000003052800 Uncommon trap: reason=array_check action=maybe_recompile pc=0x0000000003721580 method=java.util.AbstractCollection.toArray([Ljava/lang/Object;)[Ljava/lang/Object; @ 119
Event: 7.783 Thread 0x0000000003052800 Uncommon trap: reason=array_check action=maybe_recompile pc=0x0000000003721580 method=java.util.AbstractCollection.toArray([Ljava/lang/Object;)[Ljava/lang/Object; @ 119
Event: 7.784 Thread 0x0000000003052800 Uncommon trap: reason=array_check action=maybe_recompile pc=0x0000000003721580 method=java.util.AbstractCollection.toArray([Ljava/lang/Object;)[Ljava/lang/Object; @ 119
Event: 7.784 Thread 0x0000000003052800 Uncommon trap: reason=array_check action=maybe_recompile pc=0x0000000003721580 method=java.util.AbstractCollection.toArray([Ljava/lang/Object;)[Ljava/lang/Object; @ 119
Event: 8.034 Thread 0x0000000003052800 Uncommon trap: reason=unstable_if action=reinterpret pc=0x00000000037523bc method=org.springframework.util.ObjectUtils.nullSafeEquals(Ljava/lang/Object;Ljava/lang/Object;)Z @ 8
Event: 8.400 Thread 0x000000001d2eb000 Uncommon trap: reason=unstable_if action=reinterpret pc=0x000000000355c764 method=jdk.internal.org.objectweb.asm.Item.isEqualTo(Ljdk/internal/org/objectweb/asm/Item;)Z @ 331
Event: 8.459 Thread 0x000000001d2eb000 Uncommon trap: reason=bimorphic action=maybe_recompile pc=0x000000000374dfb0 method=java.util.HashMap.putVal(ILjava/lang/Object;Ljava/lang/Object;ZZ)Ljava/lang/Object; @ 203
Event: 8.486 Thread 0x000000001d2eb000 Uncommon trap: reason=bimorphic action=maybe_recompile pc=0x000000000374dfb0 method=java.util.HashMap.putVal(ILjava/lang/Object;Ljava/lang/Object;ZZ)Ljava/lang/Object; @ 203
Event: 8.489 Thread 0x000000001d2eb000 Uncommon trap: reason=bimorphic action=maybe_recompile pc=0x000000000374dfb0 method=java.util.HashMap.putVal(ILjava/lang/Object;Ljava/lang/Object;ZZ)Ljava/lang/Object; @ 203
Event: 9.080 Thread 0x000000001d2eb000 Uncommon trap: reason=unstable_if action=reinterpret pc=0x0000000003583de8 method=jdk.internal.org.objectweb.asm.Type.getArgumentsAndReturnSizes(Ljava/lang/String;)I @ 47

Classes redefined (0 events):
No events

Internal exceptions (10 events):
Event: 8.113 Thread 0x0000000003052800 Exception <a 'java/lang/ClassNotFoundException': org/springframework/beans/factory/AwareCustomizer> (0x00000000d846f778) thrown at [C:\jenkins\workspace\8-2-build-windows-amd64-cygwin\jdk8u251\737\hotspot\src\share\vm\classfile\systemDictionary.cpp, line 
Event: 8.114 Thread 0x0000000003052800 Exception <a 'java/lang/ClassNotFoundException': org/springframework/beans/factory/BeanClassLoaderAwareCustomizer> (0x00000000d84979a8) thrown at [C:\jenkins\workspace\8-2-build-windows-amd64-cygwin\jdk8u251\737\hotspot\src\share\vm\classfile\systemDictio
Event: 8.115 Thread 0x0000000003052800 Exception <a 'java/lang/ClassNotFoundException': org/springframework/beans/factory/AwareCustomizer> (0x00000000d84b9d00) thrown at [C:\jenkins\workspace\8-2-build-windows-amd64-cygwin\jdk8u251\737\hotspot\src\share\vm\classfile\systemDictionary.cpp, line 
Event: 8.116 Thread 0x0000000003052800 Exception <a 'java/lang/ClassNotFoundException': org/springframework/context/EnvironmentAwareCustomizer> (0x00000000d84dd3e8) thrown at [C:\jenkins\workspace\8-2-build-windows-amd64-cygwin\jdk8u251\737\hotspot\src\share\vm\classfile\systemDictionary.cpp, 
Event: 8.117 Thread 0x0000000003052800 Exception <a 'java/lang/ClassNotFoundException': org/springframework/beans/factory/AwareCustomizer> (0x00000000d84ff620) thrown at [C:\jenkins\workspace\8-2-build-windows-amd64-cygwin\jdk8u251\737\hotspot\src\share\vm\classfile\systemDictionary.cpp, line 
Event: 8.506 Thread 0x0000000003052800 Exception <a 'java/lang/IncompatibleClassChangeError': Found class java.lang.Object, but interface was expected> (0x00000000d685d370) thrown at [C:\jenkins\workspace\8-2-build-windows-amd64-cygwin\jdk8u251\737\hotspot\src\share\vm\interpreter\linkResolver
Event: 8.617 Thread 0x0000000003052800 Exception <a 'java/lang/NoSuchMethodError': java.lang.Object.lambda$getAllAnnotationAttributes$0(Lorg/springframework/util/MultiValueMap;)Lorg/springframework/util/MultiValueMap;> (0x00000000d71eae10) thrown at [C:\jenkins\workspace\8-2-build-windows-amd6
Event: 8.617 Thread 0x0000000003052800 Exception <a 'java/lang/NoSuchMethodError': java.lang.Object.lambda$identity$2(Ljava/lang/Object;)Ljava/lang/Object;> (0x00000000d71ee890) thrown at [C:\jenkins\workspace\8-2-build-windows-amd64-cygwin\jdk8u251\737\hotspot\src\share\vm\interpreter\linkRes
Event: 8.816 Thread 0x0000000003052800 Exception <a 'java/io/FileNotFoundException'> (0x00000000d8ca88a0) thrown at [C:\jenkins\workspace\8-2-build-windows-amd64-cygwin\jdk8u251\737\hotspot\src\share\vm\prims\jni.cpp, line 710]
Event: 9.090 Thread 0x000000001d2eb000 Exception <a 'java/lang/IncompatibleClassChangeError': Found class java.lang.Object, but interface was expected> (0x00000000dabc0950) thrown at [C:\jenkins\workspace\8-2-build-windows-amd64-cygwin\jdk8u251\737\hotspot\src\share\vm\interpreter\linkResolver

Events (10 events):
Event: 9.261 loading class org/springframework/web/client/AsyncRestTemplate
Event: 9.261 loading class org/springframework/web/client/AsyncRestTemplate done
Event: 9.262 loading class org/springframework/web/client/AsyncRestOperations
Event: 9.262 loading class org/springframework/web/client/AsyncRestOperations done
Event: 9.263 loading class org/springframework/http/client/support/InterceptingAsyncHttpAccessor
Event: 9.263 loading class org/springframework/http/client/support/InterceptingAsyncHttpAccessor done
Event: 9.264 loading class org/springframework/http/client/support/AsyncHttpAccessor
Event: 9.264 loading class org/springframework/http/client/support/AsyncHttpAccessor done
Event: 9.274 loading class org/springframework/retry/support/RetryTemplate
Event: 9.274 loading class org/springframework/retry/support/RetryTemplate done


Dynamic libraries:
0x00007ff68be30000 - 0x00007ff68be67000 	C:\Program Files\Java\jdk1.8.0_251\jre\bin\java.exe
0x00007ffa039c0000 - 0x00007ffa03bc7000 	C:\WINDOWS\SYSTEM32\ntdll.dll
0x00007ffa02790000 - 0x00007ffa0284d000 	C:\WINDOWS\System32\KERNEL32.DLL
0x00007ffa00fb0000 - 0x00007ffa01324000 	C:\WINDOWS\System32\KERNELBASE.dll
0x00007ffa02b90000 - 0x00007ffa02c3c000 	C:\WINDOWS\System32\ADVAPI32.dll
0x00007ffa02470000 - 0x00007ffa02513000 	C:\WINDOWS\System32\msvcrt.dll
0x00007ffa026d0000 - 0x00007ffa0276d000 	C:\WINDOWS\System32\sechost.dll
0x00007ffa02970000 - 0x00007ffa02a91000 	C:\WINDOWS\System32\RPCRT4.dll
0x00007ffa02520000 - 0x00007ffa026cc000 	C:\WINDOWS\System32\USER32.dll
0x00007ffa014a0000 - 0x00007ffa014c6000 	C:\WINDOWS\System32\win32u.dll
0x00007ffa021f0000 - 0x00007ffa02219000 	C:\WINDOWS\System32\GDI32.dll
0x00007ffa014d0000 - 0x00007ffa015e2000 	C:\WINDOWS\System32\gdi32full.dll
0x00007ffa00f10000 - 0x00007ffa00fad000 	C:\WINDOWS\System32\msvcp_win.dll
0x00007ffa01730000 - 0x00007ffa01841000 	C:\WINDOWS\System32\ucrtbase.dll
0x00007ff9d87a0000 - 0x00007ff9d8a45000 	C:\WINDOWS\WinSxS\amd64_microsoft.windows.common-controls_6595b64144ccf1df_6.0.22000.120_none_9d947278b86cc467\COMCTL32.dll
0x00007ffa03730000 - 0x00007ffa03761000 	C:\WINDOWS\System32\IMM32.DLL
0x0000000075e90000 - 0x0000000075f62000 	C:\Program Files\Java\jdk1.8.0_251\jre\bin\msvcr100.dll
0x00000000755e0000 - 0x0000000075e8b000 	C:\Program Files\Java\jdk1.8.0_251\jre\bin\server\jvm.dll
0x00007ffa02460000 - 0x00007ffa02468000 	C:\WINDOWS\System32\PSAPI.DLL
0x00007ff9fa780000 - 0x00007ff9fa78a000 	C:\WINDOWS\SYSTEM32\VERSION.dll
0x00007ff9defb0000 - 0x00007ff9defb9000 	C:\WINDOWS\SYSTEM32\WSOCK32.dll
0x00007ffa02aa0000 - 0x00007ffa02b0f000 	C:\WINDOWS\System32\WS2_32.dll
0x00007ff9fbf10000 - 0x00007ff9fbf43000 	C:\WINDOWS\SYSTEM32\WINMM.dll
0x00007ff9c0dc0000 - 0x00007ff9c0dcf000 	C:\Program Files\Java\jdk1.8.0_251\jre\bin\verify.dll
0x00007ff9b5700000 - 0x00007ff9b5729000 	C:\Program Files\Java\jdk1.8.0_251\jre\bin\java.dll
0x00007ff9b56e0000 - 0x00007ff9b56f6000 	C:\Program Files\Java\jdk1.8.0_251\jre\bin\zip.dll
0x00007ffa02ea0000 - 0x00007ffa0364a000 	C:\WINDOWS\System32\SHELL32.dll
0x00007ff9ff000000 - 0x00007ff9ff862000 	C:\WINDOWS\SYSTEM32\windows.storage.dll
0x00007ffa01860000 - 0x00007ffa01bd8000 	C:\WINDOWS\System32\combase.dll
0x00007ff9fee90000 - 0x00007ff9feff6000 	C:\WINDOWS\SYSTEM32\wintypes.dll
0x00007ffa02cc0000 - 0x00007ffa02daa000 	C:\WINDOWS\System32\SHCORE.dll
0x00007ffa02240000 - 0x00007ffa0229d000 	C:\WINDOWS\System32\shlwapi.dll
0x00007ffa00dd0000 - 0x00007ffa00df1000 	C:\WINDOWS\SYSTEM32\profapi.dll
0x00007ff9b5510000 - 0x00007ff9b551d000 	C:\Program Files\Java\jdk1.8.0_251\jre\bin\management.dll
0x00007ff9b56b0000 - 0x00007ff9b56ca000 	C:\Program Files\Java\jdk1.8.0_251\jre\bin\net.dll
0x00007ffa004a0000 - 0x00007ffa00507000 	C:\WINDOWS\system32\mswsock.dll
0x00007ff9b5690000 - 0x00007ff9b56a2000 	C:\Program Files\Java\jdk1.8.0_251\jre\bin\nio.dll
0x00007ff9ffb60000 - 0x00007ff9ffb8d000 	C:\WINDOWS\SYSTEM32\IPHLPAPI.DLL
0x00007ffa02b10000 - 0x00007ffa02b19000 	C:\WINDOWS\System32\NSI.dll
0x00007ff9fb100000 - 0x00007ff9fb119000 	C:\WINDOWS\SYSTEM32\dhcpcsvc6.DLL
0x00007ff9fb9c0000 - 0x00007ff9fb9de000 	C:\WINDOWS\SYSTEM32\dhcpcsvc.DLL
0x00007ff9ffc20000 - 0x00007ff9ffd07000 	C:\WINDOWS\SYSTEM32\DNSAPI.dll
0x00007ff9f5750000 - 0x00007ff9f575a000 	C:\Windows\System32\rasadhlp.dll
0x00007ff9f82e0000 - 0x00007ff9f8361000 	C:\WINDOWS\System32\fwpuclnt.dll
0x00007ff9db840000 - 0x00007ff9db857000 	C:\WINDOWS\system32\napinsp.dll
0x00007ff9db820000 - 0x00007ff9db83b000 	C:\WINDOWS\system32\pnrpnsp.dll
0x00007ff9db800000 - 0x00007ff9db812000 	C:\WINDOWS\System32\winrnr.dll
0x00007ff9f8f10000 - 0x00007ff9f8f25000 	C:\WINDOWS\system32\wshbth.dll
0x00007ff9db7e0000 - 0x00007ff9db7ff000 	C:\WINDOWS\system32\nlansp_c.dll

VM Arguments:
java_command: C:\Users\Daksh\AppData\Local\Temp\surefire941021441076920925\surefirebooter4253835847110398125.jar C:\Users\Daksh\AppData\Local\Temp\surefire941021441076920925 2021-11-30T02-18-32_793-jvmRun1 surefire5646930606910182096tmp surefire_02165510949173362255tmp
java_class_path (initial): C:\Users\Daksh\AppData\Local\Temp\surefire941021441076920925\surefirebooter4253835847110398125.jar
Launcher Type: SUN_STANDARD

Environment Variables:
JAVA_HOME=C:\Program Files\Java\jdk1.8.0_251
PATH=C:\Program Files (x86)\Common Files\Oracle\Java\javapath;C:\Program Files\NVIDIA GPU Computing Toolkit\CUDA\v11.0\bin;C:\Program Files\NVIDIA GPU Computing Toolkit\CUDA\v11.0\libnvvp;C:\Windows\system32;C:\Windows;C:\Windows\System32\Wbem;C:\Windows\System32\WindowsPowerShell\v1.0\;C:\Windows\System32\OpenSSH\;C:\Program Files (x86)\NVIDIA Corporation\PhysX\Common;C:\Program Files\NVIDIA Corporation\NVIDIA NvDLISR;C:\WINDOWS\system32;C:\WINDOWS;C:\WINDOWS\System32\Wbem;C:\WINDOWS\System32\WindowsPowerShell\v1.0\;C:\WINDOWS\System32\OpenSSH\;C:\Program Files (x86)\mingw-w64\i686-8.1.0-posix-dwarf-rt_v6-rev0\mingw32\bin;C:\Program Files\Git\cmd;C:\Program Files\Git\mingw64\bin;C:\Program Files\Git\usr\bin;C:\Program Files\NVIDIA Corporation\Nsight Compute 2020.1.0\;C:\Program Files\Java\jdk1.8.0_251\bin;C:\Android;C:\WINDOWS\system32;C:\WINDOWS;C:\WINDOWS\System32\Wbem;C:\WINDOWS\System32\WindowsPowerShell\v1.0\;C:\WINDOWS\System32\OpenSSH\;C:\Program Files\apache-maven-3.8.1\bin;C:\Program Files\dotnet\;C:\TDM-GCC-32\bin;C:\Program Files\Docker\Docker\resources\bin;C:\ProgramData\DockerDesktop\version-bin;C:\Program Files\nodejs\;C:\Program Files\MySQL\MySQL Shell 8.0\bin\;C:\Users\Daksh\Anaconda3;C:\Users\Daksh\Anaconda3\Library\mingw-w64\bin;C:\Users\Daksh\Anaconda3\Library\usr\bin;C:\Users\Daksh\Anaconda3\Library\bin;C:\Users\Daksh\Anaconda3\Scripts;C:\Users\Daksh\AppData\Local\Programs\Python\Python38-32\Scripts\;C:\Users\Daksh\AppData\Local\Programs\Python\Python38-32\;C:\Users\Daksh\AppData\Local\Microsoft\WindowsApps;C:\Users\Daksh\AppData\Local\Programs\Microsoft VS Code\bin;C:\TDM-GCC-64\bin;C:\Modeltech_pe_edu_10.4a\win32pe_edu;C:\Program Files\heroku\bin;C:\Users\Daksh\AppData\Local\GitHubDesktop\bin;C:\Users\Daksh\AppData\Roaming\npm
USERNAME=Daksh
OS=Windows_NT
PROCESSOR_IDENTIFIER=Intel64 Family 6 Model 142 Stepping 12, GenuineIntel



---------------  S Y S T E M  ---------------

OS: Windows 10.0 , 64 bit Build 22000 (10.0.22000.318)

CPU:total 8 (initial active 8) (4 cores per cpu, 2 threads per core) family 6 model 142 stepping 12, cmov, cx8, fxsr, mmx, sse, sse2, sse3, ssse3, sse4.1, sse4.2, popcnt, avx, avx2, aes, clmul, erms, 3dnowpref, lzcnt, ht, tsc, tscinvbit, bmi1, bmi2, adx

Memory: 4k page, physical 8197876k(249236k free), swap 33363700k(5764k free)

vm_info: Java HotSpot(TM) 64-Bit Server VM (25.251-b08) for windows-amd64 JRE (1.8.0_251-b08), built on Mar 12 2020 06:31:49 by "" with MS VC++ 10.0 (VS2010)

time: Tue Nov 30 02:18:47 2021
timezone: India Standard Time
elapsed time: 9 seconds (0d 0h 0m 9s)

